дек. 15, 2022 2:26:01 PM HW_2.Task_2 sortedBuble
INFO: Исходный массив: [9, 44, 95, 51, 29, 66, 49, 97, 87, 41]
дек. 15, 2022 2:26:01 PM HW_2.Task_2 sortedBuble
INFO: Итерацция i=0, массив: [9, 44, 95, 51, 29, 66, 49, 97, 87, 41]
дек. 15, 2022 2:26:01 PM HW_2.Task_2 sortedBuble
INFO: Итерацция i=1, массив: [9, 44, 95, 51, 29, 66, 49, 97, 87, 41]
дек. 15, 2022 2:26:01 PM HW_2.Task_2 sortedBuble
INFO: Итерацция i=2, массив: [9, 44, 51, 95, 29, 66, 49, 97, 87, 41]
дек. 15, 2022 2:26:01 PM HW_2.Task_2 sortedBuble
INFO: Итерацция i=3, массив: [9, 44, 51, 29, 95, 66, 49, 97, 87, 41]
дек. 15, 2022 2:26:01 PM HW_2.Task_2 sortedBuble
INFO: Итерацция i=4, массив: [9, 44, 51, 29, 66, 95, 49, 97, 87, 41]
дек. 15, 2022 2:26:01 PM HW_2.Task_2 sortedBuble
INFO: Итерацция i=5, массив: [9, 44, 51, 29, 66, 49, 95, 97, 87, 41]
дек. 15, 2022 2:26:01 PM HW_2.Task_2 sortedBuble
INFO: Итерацция i=6, массив: [9, 44, 51, 29, 66, 49, 95, 97, 87, 41]
дек. 15, 2022 2:26:01 PM HW_2.Task_2 sortedBuble
INFO: Итерацция i=7, массив: [9, 44, 51, 29, 66, 49, 95, 87, 97, 41]
дек. 15, 2022 2:26:01 PM HW_2.Task_2 sortedBuble
INFO: Итерацция i=8, массив: [9, 44, 51, 29, 66, 49, 95, 87, 41, 97]
дек. 15, 2022 2:26:01 PM HW_2.Task_2 sortedBuble
INFO: Итерацция i=0, массив: [9, 44, 51, 29, 66, 49, 95, 87, 41, 97]
дек. 15, 2022 2:26:01 PM HW_2.Task_2 sortedBuble
INFO: Итерацция i=1, массив: [9, 44, 51, 29, 66, 49, 95, 87, 41, 97]
дек. 15, 2022 2:26:01 PM HW_2.Task_2 sortedBuble
INFO: Итерацция i=2, массив: [9, 44, 29, 51, 66, 49, 95, 87, 41, 97]
дек. 15, 2022 2:26:01 PM HW_2.Task_2 sortedBuble
INFO: Итерацция i=3, массив: [9, 44, 29, 51, 66, 49, 95, 87, 41, 97]
дек. 15, 2022 2:26:01 PM HW_2.Task_2 sortedBuble
INFO: Итерацция i=4, массив: [9, 44, 29, 51, 49, 66, 95, 87, 41, 97]
дек. 15, 2022 2:26:01 PM HW_2.Task_2 sortedBuble
INFO: Итерацция i=5, массив: [9, 44, 29, 51, 49, 66, 95, 87, 41, 97]
дек. 15, 2022 2:26:01 PM HW_2.Task_2 sortedBuble
INFO: Итерацция i=6, массив: [9, 44, 29, 51, 49, 66, 87, 95, 41, 97]
дек. 15, 2022 2:26:01 PM HW_2.Task_2 sortedBuble
INFO: Итерацция i=7, массив: [9, 44, 29, 51, 49, 66, 87, 41, 95, 97]
дек. 15, 2022 2:26:01 PM HW_2.Task_2 sortedBuble
INFO: Итерацция i=8, массив: [9, 44, 29, 51, 49, 66, 87, 41, 95, 97]
дек. 15, 2022 2:26:01 PM HW_2.Task_2 sortedBuble
INFO: Итерацция i=0, массив: [9, 44, 29, 51, 49, 66, 87, 41, 95, 97]
дек. 15, 2022 2:26:01 PM HW_2.Task_2 sortedBuble
INFO: Итерацция i=1, массив: [9, 29, 44, 51, 49, 66, 87, 41, 95, 97]
дек. 15, 2022 2:26:01 PM HW_2.Task_2 sortedBuble
INFO: Итерацция i=2, массив: [9, 29, 44, 51, 49, 66, 87, 41, 95, 97]
дек. 15, 2022 2:26:01 PM HW_2.Task_2 sortedBuble
INFO: Итерацция i=3, массив: [9, 29, 44, 49, 51, 66, 87, 41, 95, 97]
дек. 15, 2022 2:26:01 PM HW_2.Task_2 sortedBuble
INFO: Итерацция i=4, массив: [9, 29, 44, 49, 51, 66, 87, 41, 95, 97]
дек. 15, 2022 2:26:01 PM HW_2.Task_2 sortedBuble
INFO: Итерацция i=5, массив: [9, 29, 44, 49, 51, 66, 87, 41, 95, 97]
дек. 15, 2022 2:26:01 PM HW_2.Task_2 sortedBuble
INFO: Итерацция i=6, массив: [9, 29, 44, 49, 51, 66, 41, 87, 95, 97]
дек. 15, 2022 2:26:01 PM HW_2.Task_2 sortedBuble
INFO: Итерацция i=7, массив: [9, 29, 44, 49, 51, 66, 41, 87, 95, 97]
дек. 15, 2022 2:26:01 PM HW_2.Task_2 sortedBuble
INFO: Итерацция i=8, массив: [9, 29, 44, 49, 51, 66, 41, 87, 95, 97]
дек. 15, 2022 2:26:01 PM HW_2.Task_2 sortedBuble
INFO: Итерацция i=0, массив: [9, 29, 44, 49, 51, 66, 41, 87, 95, 97]
дек. 15, 2022 2:26:01 PM HW_2.Task_2 sortedBuble
INFO: Итерацция i=1, массив: [9, 29, 44, 49, 51, 66, 41, 87, 95, 97]
дек. 15, 2022 2:26:01 PM HW_2.Task_2 sortedBuble
INFO: Итерацция i=2, массив: [9, 29, 44, 49, 51, 66, 41, 87, 95, 97]
дек. 15, 2022 2:26:01 PM HW_2.Task_2 sortedBuble
INFO: Итерацция i=3, массив: [9, 29, 44, 49, 51, 66, 41, 87, 95, 97]
дек. 15, 2022 2:26:01 PM HW_2.Task_2 sortedBuble
INFO: Итерацция i=4, массив: [9, 29, 44, 49, 51, 66, 41, 87, 95, 97]
дек. 15, 2022 2:26:01 PM HW_2.Task_2 sortedBuble
INFO: Итерацция i=5, массив: [9, 29, 44, 49, 51, 41, 66, 87, 95, 97]
дек. 15, 2022 2:26:01 PM HW_2.Task_2 sortedBuble
INFO: Итерацция i=6, массив: [9, 29, 44, 49, 51, 41, 66, 87, 95, 97]
дек. 15, 2022 2:26:01 PM HW_2.Task_2 sortedBuble
INFO: Итерацция i=7, массив: [9, 29, 44, 49, 51, 41, 66, 87, 95, 97]
дек. 15, 2022 2:26:01 PM HW_2.Task_2 sortedBuble
INFO: Итерацция i=8, массив: [9, 29, 44, 49, 51, 41, 66, 87, 95, 97]
дек. 15, 2022 2:26:01 PM HW_2.Task_2 sortedBuble
INFO: Итерацция i=0, массив: [9, 29, 44, 49, 51, 41, 66, 87, 95, 97]
дек. 15, 2022 2:26:01 PM HW_2.Task_2 sortedBuble
INFO: Итерацция i=1, массив: [9, 29, 44, 49, 51, 41, 66, 87, 95, 97]
дек. 15, 2022 2:26:01 PM HW_2.Task_2 sortedBuble
INFO: Итерацция i=2, массив: [9, 29, 44, 49, 51, 41, 66, 87, 95, 97]
дек. 15, 2022 2:26:01 PM HW_2.Task_2 sortedBuble
INFO: Итерацция i=3, массив: [9, 29, 44, 49, 51, 41, 66, 87, 95, 97]
дек. 15, 2022 2:26:01 PM HW_2.Task_2 sortedBuble
INFO: Итерацция i=4, массив: [9, 29, 44, 49, 41, 51, 66, 87, 95, 97]
дек. 15, 2022 2:26:01 PM HW_2.Task_2 sortedBuble
INFO: Итерацция i=5, массив: [9, 29, 44, 49, 41, 51, 66, 87, 95, 97]
дек. 15, 2022 2:26:01 PM HW_2.Task_2 sortedBuble
INFO: Итерацция i=6, массив: [9, 29, 44, 49, 41, 51, 66, 87, 95, 97]
дек. 15, 2022 2:26:01 PM HW_2.Task_2 sortedBuble
INFO: Итерацция i=7, массив: [9, 29, 44, 49, 41, 51, 66, 87, 95, 97]
дек. 15, 2022 2:26:01 PM HW_2.Task_2 sortedBuble
INFO: Итерацция i=8, массив: [9, 29, 44, 49, 41, 51, 66, 87, 95, 97]
дек. 15, 2022 2:26:01 PM HW_2.Task_2 sortedBuble
INFO: Итерацция i=0, массив: [9, 29, 44, 49, 41, 51, 66, 87, 95, 97]
дек. 15, 2022 2:26:01 PM HW_2.Task_2 sortedBuble
INFO: Итерацция i=1, массив: [9, 29, 44, 49, 41, 51, 66, 87, 95, 97]
дек. 15, 2022 2:26:01 PM HW_2.Task_2 sortedBuble
INFO: Итерацция i=2, массив: [9, 29, 44, 49, 41, 51, 66, 87, 95, 97]
дек. 15, 2022 2:26:01 PM HW_2.Task_2 sortedBuble
INFO: Итерацция i=3, массив: [9, 29, 44, 41, 49, 51, 66, 87, 95, 97]
дек. 15, 2022 2:26:01 PM HW_2.Task_2 sortedBuble
INFO: Итерацция i=4, массив: [9, 29, 44, 41, 49, 51, 66, 87, 95, 97]
дек. 15, 2022 2:26:01 PM HW_2.Task_2 sortedBuble
INFO: Итерацция i=5, массив: [9, 29, 44, 41, 49, 51, 66, 87, 95, 97]
дек. 15, 2022 2:26:01 PM HW_2.Task_2 sortedBuble
INFO: Итерацция i=6, массив: [9, 29, 44, 41, 49, 51, 66, 87, 95, 97]
дек. 15, 2022 2:26:01 PM HW_2.Task_2 sortedBuble
INFO: Итерацция i=7, массив: [9, 29, 44, 41, 49, 51, 66, 87, 95, 97]
дек. 15, 2022 2:26:01 PM HW_2.Task_2 sortedBuble
INFO: Итерацция i=8, массив: [9, 29, 44, 41, 49, 51, 66, 87, 95, 97]
дек. 15, 2022 2:26:01 PM HW_2.Task_2 sortedBuble
INFO: Итерацция i=0, массив: [9, 29, 44, 41, 49, 51, 66, 87, 95, 97]
дек. 15, 2022 2:26:01 PM HW_2.Task_2 sortedBuble
INFO: Итерацция i=1, массив: [9, 29, 44, 41, 49, 51, 66, 87, 95, 97]
дек. 15, 2022 2:26:01 PM HW_2.Task_2 sortedBuble
INFO: Итерацция i=2, массив: [9, 29, 41, 44, 49, 51, 66, 87, 95, 97]
дек. 15, 2022 2:26:01 PM HW_2.Task_2 sortedBuble
INFO: Итерацция i=3, массив: [9, 29, 41, 44, 49, 51, 66, 87, 95, 97]
дек. 15, 2022 2:26:01 PM HW_2.Task_2 sortedBuble
INFO: Итерацция i=4, массив: [9, 29, 41, 44, 49, 51, 66, 87, 95, 97]
дек. 15, 2022 2:26:01 PM HW_2.Task_2 sortedBuble
INFO: Итерацция i=5, массив: [9, 29, 41, 44, 49, 51, 66, 87, 95, 97]
дек. 15, 2022 2:26:01 PM HW_2.Task_2 sortedBuble
INFO: Итерацция i=6, массив: [9, 29, 41, 44, 49, 51, 66, 87, 95, 97]
дек. 15, 2022 2:26:01 PM HW_2.Task_2 sortedBuble
INFO: Итерацция i=7, массив: [9, 29, 41, 44, 49, 51, 66, 87, 95, 97]
дек. 15, 2022 2:26:01 PM HW_2.Task_2 sortedBuble
INFO: Итерацция i=8, массив: [9, 29, 41, 44, 49, 51, 66, 87, 95, 97]
дек. 15, 2022 2:26:01 PM HW_2.Task_2 sortedBuble
INFO: Итерацция i=0, массив: [9, 29, 41, 44, 49, 51, 66, 87, 95, 97]
дек. 15, 2022 2:26:01 PM HW_2.Task_2 sortedBuble
INFO: Итерацция i=1, массив: [9, 29, 41, 44, 49, 51, 66, 87, 95, 97]
дек. 15, 2022 2:26:01 PM HW_2.Task_2 sortedBuble
INFO: Итерацция i=2, массив: [9, 29, 41, 44, 49, 51, 66, 87, 95, 97]
дек. 15, 2022 2:26:01 PM HW_2.Task_2 sortedBuble
INFO: Итерацция i=3, массив: [9, 29, 41, 44, 49, 51, 66, 87, 95, 97]
дек. 15, 2022 2:26:01 PM HW_2.Task_2 sortedBuble
INFO: Итерацция i=4, массив: [9, 29, 41, 44, 49, 51, 66, 87, 95, 97]
дек. 15, 2022 2:26:01 PM HW_2.Task_2 sortedBuble
INFO: Итерацция i=5, массив: [9, 29, 41, 44, 49, 51, 66, 87, 95, 97]
дек. 15, 2022 2:26:01 PM HW_2.Task_2 sortedBuble
INFO: Итерацция i=6, массив: [9, 29, 41, 44, 49, 51, 66, 87, 95, 97]
дек. 15, 2022 2:26:01 PM HW_2.Task_2 sortedBuble
INFO: Итерацция i=7, массив: [9, 29, 41, 44, 49, 51, 66, 87, 95, 97]
дек. 15, 2022 2:26:01 PM HW_2.Task_2 sortedBuble
INFO: Итерацция i=8, массив: [9, 29, 41, 44, 49, 51, 66, 87, 95, 97]
