дек. 15, 2022 2:30:17 PM HW_2.Task_2 sortedBuble
INFO: Исходный массив: [14, 74, 60, 86, 55, 22, 16, 23, 71, 58]
дек. 15, 2022 2:30:17 PM HW_2.Task_2 sortedBuble
INFO: Итерацция i=0, массив: [14, 74, 60, 86, 55, 22, 16, 23, 71, 58]
дек. 15, 2022 2:30:17 PM HW_2.Task_2 sortedBuble
INFO: Итерацция i=1, массив: [14, 60, 74, 86, 55, 22, 16, 23, 71, 58]
дек. 15, 2022 2:30:17 PM HW_2.Task_2 sortedBuble
INFO: Итерацция i=2, массив: [14, 60, 74, 86, 55, 22, 16, 23, 71, 58]
дек. 15, 2022 2:30:17 PM HW_2.Task_2 sortedBuble
INFO: Итерацция i=3, массив: [14, 60, 74, 55, 86, 22, 16, 23, 71, 58]
дек. 15, 2022 2:30:17 PM HW_2.Task_2 sortedBuble
INFO: Итерацция i=4, массив: [14, 60, 74, 55, 22, 86, 16, 23, 71, 58]
дек. 15, 2022 2:30:17 PM HW_2.Task_2 sortedBuble
INFO: Итерацция i=5, массив: [14, 60, 74, 55, 22, 16, 86, 23, 71, 58]
дек. 15, 2022 2:30:17 PM HW_2.Task_2 sortedBuble
INFO: Итерацция i=6, массив: [14, 60, 74, 55, 22, 16, 23, 86, 71, 58]
дек. 15, 2022 2:30:17 PM HW_2.Task_2 sortedBuble
INFO: Итерацция i=7, массив: [14, 60, 74, 55, 22, 16, 23, 71, 86, 58]
дек. 15, 2022 2:30:17 PM HW_2.Task_2 sortedBuble
INFO: Итерацция i=8, массив: [14, 60, 74, 55, 22, 16, 23, 71, 58, 86]
дек. 15, 2022 2:30:17 PM HW_2.Task_2 sortedBuble
INFO: Итерацция i=0, массив: [14, 60, 74, 55, 22, 16, 23, 71, 58, 86]
дек. 15, 2022 2:30:17 PM HW_2.Task_2 sortedBuble
INFO: Итерацция i=1, массив: [14, 60, 74, 55, 22, 16, 23, 71, 58, 86]
дек. 15, 2022 2:30:17 PM HW_2.Task_2 sortedBuble
INFO: Итерацция i=2, массив: [14, 60, 55, 74, 22, 16, 23, 71, 58, 86]
дек. 15, 2022 2:30:17 PM HW_2.Task_2 sortedBuble
INFO: Итерацция i=3, массив: [14, 60, 55, 22, 74, 16, 23, 71, 58, 86]
дек. 15, 2022 2:30:17 PM HW_2.Task_2 sortedBuble
INFO: Итерацция i=4, массив: [14, 60, 55, 22, 16, 74, 23, 71, 58, 86]
дек. 15, 2022 2:30:17 PM HW_2.Task_2 sortedBuble
INFO: Итерацция i=5, массив: [14, 60, 55, 22, 16, 23, 74, 71, 58, 86]
дек. 15, 2022 2:30:17 PM HW_2.Task_2 sortedBuble
INFO: Итерацция i=6, массив: [14, 60, 55, 22, 16, 23, 71, 74, 58, 86]
дек. 15, 2022 2:30:17 PM HW_2.Task_2 sortedBuble
INFO: Итерацция i=7, массив: [14, 60, 55, 22, 16, 23, 71, 58, 74, 86]
дек. 15, 2022 2:30:17 PM HW_2.Task_2 sortedBuble
INFO: Итерацция i=8, массив: [14, 60, 55, 22, 16, 23, 71, 58, 74, 86]
дек. 15, 2022 2:30:17 PM HW_2.Task_2 sortedBuble
INFO: Итерацция i=0, массив: [14, 60, 55, 22, 16, 23, 71, 58, 74, 86]
дек. 15, 2022 2:30:17 PM HW_2.Task_2 sortedBuble
INFO: Итерацция i=1, массив: [14, 55, 60, 22, 16, 23, 71, 58, 74, 86]
дек. 15, 2022 2:30:17 PM HW_2.Task_2 sortedBuble
INFO: Итерацция i=2, массив: [14, 55, 22, 60, 16, 23, 71, 58, 74, 86]
дек. 15, 2022 2:30:17 PM HW_2.Task_2 sortedBuble
INFO: Итерацция i=3, массив: [14, 55, 22, 16, 60, 23, 71, 58, 74, 86]
дек. 15, 2022 2:30:17 PM HW_2.Task_2 sortedBuble
INFO: Итерацция i=4, массив: [14, 55, 22, 16, 23, 60, 71, 58, 74, 86]
дек. 15, 2022 2:30:17 PM HW_2.Task_2 sortedBuble
INFO: Итерацция i=5, массив: [14, 55, 22, 16, 23, 60, 71, 58, 74, 86]
дек. 15, 2022 2:30:17 PM HW_2.Task_2 sortedBuble
INFO: Итерацция i=6, массив: [14, 55, 22, 16, 23, 60, 58, 71, 74, 86]
дек. 15, 2022 2:30:17 PM HW_2.Task_2 sortedBuble
INFO: Итерацция i=7, массив: [14, 55, 22, 16, 23, 60, 58, 71, 74, 86]
дек. 15, 2022 2:30:17 PM HW_2.Task_2 sortedBuble
INFO: Итерацция i=8, массив: [14, 55, 22, 16, 23, 60, 58, 71, 74, 86]
дек. 15, 2022 2:30:17 PM HW_2.Task_2 sortedBuble
INFO: Итерацция i=0, массив: [14, 55, 22, 16, 23, 60, 58, 71, 74, 86]
дек. 15, 2022 2:30:17 PM HW_2.Task_2 sortedBuble
INFO: Итерацция i=1, массив: [14, 22, 55, 16, 23, 60, 58, 71, 74, 86]
дек. 15, 2022 2:30:17 PM HW_2.Task_2 sortedBuble
INFO: Итерацция i=2, массив: [14, 22, 16, 55, 23, 60, 58, 71, 74, 86]
дек. 15, 2022 2:30:17 PM HW_2.Task_2 sortedBuble
INFO: Итерацция i=3, массив: [14, 22, 16, 23, 55, 60, 58, 71, 74, 86]
дек. 15, 2022 2:30:17 PM HW_2.Task_2 sortedBuble
INFO: Итерацция i=4, массив: [14, 22, 16, 23, 55, 60, 58, 71, 74, 86]
дек. 15, 2022 2:30:17 PM HW_2.Task_2 sortedBuble
INFO: Итерацция i=5, массив: [14, 22, 16, 23, 55, 58, 60, 71, 74, 86]
дек. 15, 2022 2:30:17 PM HW_2.Task_2 sortedBuble
INFO: Итерацция i=6, массив: [14, 22, 16, 23, 55, 58, 60, 71, 74, 86]
дек. 15, 2022 2:30:17 PM HW_2.Task_2 sortedBuble
INFO: Итерацция i=7, массив: [14, 22, 16, 23, 55, 58, 60, 71, 74, 86]
дек. 15, 2022 2:30:17 PM HW_2.Task_2 sortedBuble
INFO: Итерацция i=8, массив: [14, 22, 16, 23, 55, 58, 60, 71, 74, 86]
дек. 15, 2022 2:30:17 PM HW_2.Task_2 sortedBuble
INFO: Итерацция i=0, массив: [14, 22, 16, 23, 55, 58, 60, 71, 74, 86]
дек. 15, 2022 2:30:17 PM HW_2.Task_2 sortedBuble
INFO: Итерацция i=1, массив: [14, 16, 22, 23, 55, 58, 60, 71, 74, 86]
дек. 15, 2022 2:30:17 PM HW_2.Task_2 sortedBuble
INFO: Итерацция i=2, массив: [14, 16, 22, 23, 55, 58, 60, 71, 74, 86]
дек. 15, 2022 2:30:17 PM HW_2.Task_2 sortedBuble
INFO: Итерацция i=3, массив: [14, 16, 22, 23, 55, 58, 60, 71, 74, 86]
дек. 15, 2022 2:30:17 PM HW_2.Task_2 sortedBuble
INFO: Итерацция i=4, массив: [14, 16, 22, 23, 55, 58, 60, 71, 74, 86]
дек. 15, 2022 2:30:17 PM HW_2.Task_2 sortedBuble
INFO: Итерацция i=5, массив: [14, 16, 22, 23, 55, 58, 60, 71, 74, 86]
дек. 15, 2022 2:30:17 PM HW_2.Task_2 sortedBuble
INFO: Итерацция i=6, массив: [14, 16, 22, 23, 55, 58, 60, 71, 74, 86]
дек. 15, 2022 2:30:17 PM HW_2.Task_2 sortedBuble
INFO: Итерацция i=7, массив: [14, 16, 22, 23, 55, 58, 60, 71, 74, 86]
дек. 15, 2022 2:30:17 PM HW_2.Task_2 sortedBuble
INFO: Итерацция i=8, массив: [14, 16, 22, 23, 55, 58, 60, 71, 74, 86]
дек. 15, 2022 2:30:17 PM HW_2.Task_2 sortedBuble
INFO: Итерацция i=0, массив: [14, 16, 22, 23, 55, 58, 60, 71, 74, 86]
дек. 15, 2022 2:30:17 PM HW_2.Task_2 sortedBuble
INFO: Итерацция i=1, массив: [14, 16, 22, 23, 55, 58, 60, 71, 74, 86]
дек. 15, 2022 2:30:17 PM HW_2.Task_2 sortedBuble
INFO: Итерацция i=2, массив: [14, 16, 22, 23, 55, 58, 60, 71, 74, 86]
дек. 15, 2022 2:30:17 PM HW_2.Task_2 sortedBuble
INFO: Итерацция i=3, массив: [14, 16, 22, 23, 55, 58, 60, 71, 74, 86]
дек. 15, 2022 2:30:17 PM HW_2.Task_2 sortedBuble
INFO: Итерацция i=4, массив: [14, 16, 22, 23, 55, 58, 60, 71, 74, 86]
дек. 15, 2022 2:30:17 PM HW_2.Task_2 sortedBuble
INFO: Итерацция i=5, массив: [14, 16, 22, 23, 55, 58, 60, 71, 74, 86]
дек. 15, 2022 2:30:17 PM HW_2.Task_2 sortedBuble
INFO: Итерацция i=6, массив: [14, 16, 22, 23, 55, 58, 60, 71, 74, 86]
дек. 15, 2022 2:30:17 PM HW_2.Task_2 sortedBuble
INFO: Итерацция i=7, массив: [14, 16, 22, 23, 55, 58, 60, 71, 74, 86]
дек. 15, 2022 2:30:17 PM HW_2.Task_2 sortedBuble
INFO: Итерацция i=8, массив: [14, 16, 22, 23, 55, 58, 60, 71, 74, 86]
